Start testing: May 21 14:55 CDT
----------------------------------------------------------
1/1 Testing: gtests
1/1 Test: gtests
Command: "/home/user/Desktop/OS-architecture/build/gtests"
Directory: /home/user/Desktop/OS-architecture/build
"gtests" start time: May 21 14:55 CDT
Output:
----------------------------------------------------------
[==========] Running 4 tests from 4 test suites.
[----------] Global test environment set-up.
[----------] 1 test from first_check
[ RUN      ] first_check.basic_test_set
[       OK ] first_check.basic_test_set (0 ms)
[----------] 1 test from first_check (0 ms total)

[----------] 1 test from check_login
[ RUN      ] check_login.basic_test_set
[       OK ] check_login.basic_test_set (0 ms)
[----------] 1 test from check_login (0 ms total)

[----------] 1 test from read_by_login
[ RUN      ] read_by_login.basic_test_set
/home/user/Desktop/OS-architecture/test.cpp:26: Failure
Value of: false
  Actual: false
Expected: true
[  FAILED  ] read_by_login.basic_test_set (20 ms)
[----------] 1 test from read_by_login (20 ms total)

[----------] 1 test from check_create_person
[ RUN      ] check_create_person.basic_test_set
/home/user/Desktop/OS-architecture/test.cpp:44: Failure
Value of: false
  Actual: false
Expected: true
[  FAILED  ] check_create_person.basic_test_set (0 ms)
[----------] 1 test from check_create_person (0 ms total)

[----------] Global test environment tear-down
[==========] 4 tests from 4 test suites ran. (35 ms total)
[  PASSED  ] 2 tests.
[  FAILED  ] 2 tests, listed below:
[  FAILED  ] read_by_login.basic_test_set
[  FAILED  ] check_create_person.basic_test_set

 2 FAILED TESTS
<end of output>
Test time =   0.20 sec
----------------------------------------------------------
Test Failed.
"gtests" end time: May 21 14:55 CDT
"gtests" time elapsed: 00:00:00
----------------------------------------------------------

End testing: May 21 14:55 CDT
